<?xml version="1.0" encoding="UTF-8"?>
<!-- Generated by org.testng.reporters.JUnitReportReporter -->
<testsuite hostname="BOOK-DA60ANED4E" failures="0" tests="1" name="com.tutorialsninja.qa.TestCase.Login_Valid_Credentials_Test" time="8.811" errors="0" timestamp="2024-01-07T16:39:18 CST" skipped="0">
  <testcase classname="com.tutorialsninja.qa.TestCase.Login_Valid_Credentials_Test" name="fillOutALoginFormWithValidCredentials" time="8.811"/>
  <system-out/>
</testsuite> <!-- com.tutorialsninja.qa.TestCase.Login_Valid_Credentials_Test -->
