<?xml version="1.0" encoding="UTF-8"?>
<!-- Generated by org.testng.reporters.JUnitReportReporter -->
<testsuite hostname="BOOK-DA60ANED4E" failures="0" tests="3" name="com.tutorialsninja.qa.TestCase.NavigateToWebsiteConfirm_Test" time="21.589" errors="0" timestamp="2024-01-07T16:39:59 CST" skipped="0">
  <testcase classname="com.tutorialsninja.qa.TestCase.NavigateToWebsiteConfirm_Test" name="navigateToWebsiteConfirm" time="5.337"/>
  <system-out/>
  <testcase classname="com.tutorialsninja.qa.TestCase.NavigateToWebsiteConfirm_Test" name="newPageValidatio" time="5.971"/>
  <system-out/>
  <testcase classname="com.tutorialsninja.qa.TestCase.NavigateToWebsiteConfirm_Test" name="testNavigateNewPageAndVerifyElements" time="10.281"/>
  <system-out/>
</testsuite> <!-- com.tutorialsninja.qa.TestCase.NavigateToWebsiteConfirm_Test -->
